<?xml version="1.0" encoding="UTF-8"?>
<!-- Generated by org.testng.reporters.JUnitReportReporter -->
<testsuite hostname="LAPTOP-MV5JU76P" name="org.lax.TestSample" tests="1" failures="0" timestamp="10 Aug 2021 04:42:37 GMT" time="0.013" errors="0">
  <testcase name="tc01" time="0.013" classname="org.lax.TestSample"/>
</testsuite> <!-- org.lax.TestSample -->
